D:\Personal\Aftab\Projects\V1\Cruises\Cruises\Cruise.Web\dist\out-tsc\src\app\app.component.js
D:\Personal\Aftab\Projects\V1\Cruises\Cruises\Cruise.Web\dist\out-tsc\src\app\app.component.js.map
D:\Personal\Aftab\Projects\V1\Cruises\Cruises\Cruise.Web\dist\out-tsc\src\app\navigation\navigation.component.js
D:\Personal\Aftab\Projects\V1\Cruises\Cruises\Cruise.Web\dist\out-tsc\src\app\navigation\navigation.component.js.map
D:\Personal\Aftab\Projects\V1\Cruises\Cruises\Cruise.Web\dist\out-tsc\src\app\second\second.component.js
D:\Personal\Aftab\Projects\V1\Cruises\Cruises\Cruise.Web\dist\out-tsc\src\app\second\second.component.js.map
D:\Personal\Aftab\Projects\V1\Cruises\Cruises\Cruise.Web\dist\out-tsc\src\app\core\material.module.js
D:\Personal\Aftab\Projects\V1\Cruises\Cruises\Cruise.Web\dist\out-tsc\src\app\core\material.module.js.map
D:\Personal\Aftab\Projects\V1\Cruises\Cruises\Cruise.Web\dist\out-tsc\src\app\providers\base.service.js
D:\Personal\Aftab\Projects\V1\Cruises\Cruises\Cruise.Web\dist\out-tsc\src\app\providers\base.service.js.map
D:\Personal\Aftab\Projects\V1\Cruises\Cruises\Cruise.Web\dist\out-tsc\src\app\modals\ISalesUnitDetail.js
D:\Personal\Aftab\Projects\V1\Cruises\Cruises\Cruise.Web\dist\out-tsc\src\app\modals\ISalesUnitDetail.js.map
D:\Personal\Aftab\Projects\V1\Cruises\Cruises\Cruise.Web\dist\out-tsc\src\app\modals\IBookingsDetails.js
D:\Personal\Aftab\Projects\V1\Cruises\Cruises\Cruise.Web\dist\out-tsc\src\app\modals\IBookingsDetails.js.map
D:\Personal\Aftab\Projects\V1\Cruises\Cruises\Cruise.Web\dist\out-tsc\src\app\providers\salesUnitDetail.service.js
D:\Personal\Aftab\Projects\V1\Cruises\Cruises\Cruise.Web\dist\out-tsc\src\app\providers\salesUnitDetail.service.js.map
D:\Personal\Aftab\Projects\V1\Cruises\Cruises\Cruise.Web\dist\out-tsc\src\app\bookings-Detail\dialog-body-component.js
D:\Personal\Aftab\Projects\V1\Cruises\Cruises\Cruise.Web\dist\out-tsc\src\app\bookings-Detail\dialog-body-component.js.map
D:\Personal\Aftab\Projects\V1\Cruises\Cruises\Cruise.Web\dist\out-tsc\src\app\sales-unit\sales-unit.component.js
D:\Personal\Aftab\Projects\V1\Cruises\Cruises\Cruise.Web\dist\out-tsc\src\app\sales-unit\sales-unit.component.js.map
D:\Personal\Aftab\Projects\V1\Cruises\Cruises\Cruise.Web\dist\out-tsc\src\app\app.module.js
D:\Personal\Aftab\Projects\V1\Cruises\Cruises\Cruise.Web\dist\out-tsc\src\app\app.module.js.map
D:\Personal\Aftab\Projects\V1\Cruises\Cruises\Cruise.Web\dist\out-tsc\src\environments\environment.js
D:\Personal\Aftab\Projects\V1\Cruises\Cruises\Cruise.Web\dist\out-tsc\src\environments\environment.js.map
D:\Personal\Aftab\Projects\V1\Cruises\Cruises\Cruise.Web\dist\out-tsc\src\main.js
D:\Personal\Aftab\Projects\V1\Cruises\Cruises\Cruise.Web\dist\out-tsc\src\main.js.map
D:\Personal\Aftab\Projects\V1\Cruises\Cruises\Cruise.Web\dist\out-tsc\src\polyfills.js
D:\Personal\Aftab\Projects\V1\Cruises\Cruises\Cruise.Web\dist\out-tsc\src\polyfills.js.map
D:\Personal\Aftab\Projects\V1\Cruises\Cruises\Cruise.Web\dist\out-tsc\src\test.js
D:\Personal\Aftab\Projects\V1\Cruises\Cruises\Cruise.Web\dist\out-tsc\src\test.js.map
D:\Personal\Aftab\Projects\V1\Cruises\Cruises\Cruise.Web\dist\out-tsc\e2e\src\app.po.js
D:\Personal\Aftab\Projects\V1\Cruises\Cruises\Cruise.Web\dist\out-tsc\e2e\src\app.po.js.map
D:\Personal\Aftab\Projects\V1\Cruises\Cruises\Cruise.Web\dist\out-tsc\e2e\src\app.e2e-spec.js
D:\Personal\Aftab\Projects\V1\Cruises\Cruises\Cruise.Web\dist\out-tsc\e2e\src\app.e2e-spec.js.map
D:\Personal\Aftab\Projects\V1\Cruises\Cruises\Cruise.Web\dist\out-tsc\src\app\app.component.spec.js
D:\Personal\Aftab\Projects\V1\Cruises\Cruises\Cruise.Web\dist\out-tsc\src\app\app.component.spec.js.map
D:\Personal\Aftab\Projects\V1\Cruises\Cruises\Cruise.Web\dist\out-tsc\src\environments\environment.prod.js
D:\Personal\Aftab\Projects\V1\Cruises\Cruises\Cruise.Web\dist\out-tsc\src\environments\environment.prod.js.map
D:\Personal\Aftab\Projects\V1\Cruises\Cruises\Cruise.Web\dist\out-tsc\src\app\first\first.component.js
D:\Personal\Aftab\Projects\V1\Cruises\Cruises\Cruise.Web\dist\out-tsc\src\app\first\first.component.js.map
D:\Personal\Aftab\Projects\V1\Cruises\Cruises\Cruise.Web\dist\out-tsc\src\app\first\first.component.spec.js
D:\Personal\Aftab\Projects\V1\Cruises\Cruises\Cruise.Web\dist\out-tsc\src\app\first\first.component.spec.js.map
D:\Personal\Aftab\Projects\V1\Cruises\Cruises\Cruise.Web\dist\out-tsc\src\app\Models\IBookingsDetails.js
D:\Personal\Aftab\Projects\V1\Cruises\Cruises\Cruise.Web\dist\out-tsc\src\app\Models\IBookingsDetails.js.map
D:\Personal\Aftab\Projects\V1\Cruises\Cruises\Cruise.Web\dist\out-tsc\src\app\Models\ISalesUnitDetail.js
D:\Personal\Aftab\Projects\V1\Cruises\Cruises\Cruise.Web\dist\out-tsc\src\app\Models\ISalesUnitDetail.js.map
D:\Personal\Aftab\Projects\V1\Cruises\Cruises\Cruise.Web\dist\out-tsc\src\app\navigation\navigation.component.spec.js
D:\Personal\Aftab\Projects\V1\Cruises\Cruises\Cruise.Web\dist\out-tsc\src\app\navigation\navigation.component.spec.js.map
D:\Personal\Aftab\Projects\V1\Cruises\Cruises\Cruise.Web\dist\out-tsc\src\app\sales-unit\sales-unit.spec.js
D:\Personal\Aftab\Projects\V1\Cruises\Cruises\Cruise.Web\dist\out-tsc\src\app\sales-unit\sales-unit.spec.js.map
D:\Personal\Aftab\Projects\V1\Cruises\Cruises\Cruise.Web\dist\out-tsc\src\app\second\second.component.spec.js
D:\Personal\Aftab\Projects\V1\Cruises\Cruises\Cruise.Web\dist\out-tsc\src\app\second\second.component.spec.js.map
